<?xml version="1.0" encoding="UTF-8"?>
<!-- Generated by org.testng.reporters.JUnitReportReporter -->
<testsuite hostname="DESKTOP-IQG9C02" failures="0" tests="1" name="AssignmentTest.conatctus2" time="17.609" errors="0" timestamp="2022-04-01T14:14:23 IST" skipped="0">
  <testcase classname="AssignmentTest.conatctus2" name="start1" time="17.609"/>
  <system-out/>
</testsuite> <!-- AssignmentTest.conatctus2 -->
