<?xml version="1.0" encoding="UTF-8"?>
<!-- Generated by org.testng.reporters.JUnitReportReporter -->
<testsuite hostname="DESKTOP-IQG9C02" failures="0" tests="1" name="AssignmentTest.Theamepage1" time="13.716" errors="0" timestamp="2022-04-01T16:02:23 IST" skipped="0">
  <testcase classname="AssignmentTest.Theamepage1" name="start1" time="13.716"/>
  <system-out/>
</testsuite> <!-- AssignmentTest.Theamepage1 -->
