<?xml version="1.0" encoding="UTF-8"?>
<!-- Generated by org.testng.reporters.JUnitReportReporter -->
<testsuite hostname="DESKTOP-IQG9C02" failures="0" tests="2" name="Listeners.ListenersArtifactid.badman" time="0.008" errors="0" timestamp="2022-03-31T20:01:45 IST" skipped="0">
  <testcase classname="Listeners.ListenersArtifactid.badman" name="class2" time="0.002"/>
  <system-out/>
  <testcase classname="Listeners.ListenersArtifactid.badman" name="class1" time="0.006"/>
  <system-out/>
</testsuite> <!-- Listeners.ListenersArtifactid.badman -->
